TN:
SF:src\linkextractor.js
FN:3,(anonymous_0)
FNF:1
FNH:1
FNDA:4,(anonymous_0)
DA:3,1
DA:5,4
DA:7,4
DA:9,4
DA:10,4
DA:11,4
DA:12,4
DA:14,4
DA:15,14
DA:16,14
DA:17,14
DA:19,4
DA:20,14
DA:25,14
DA:28,4
LF:15
LH:15
BRF:0
BRH:0
end_of_record
TN:
SF:src\utilidades.js
FN:8,(anonymous_0)
FN:9,(anonymous_1)
FN:11,(anonymous_2)
FN:18,(anonymous_3)
FN:28,(anonymous_4)
FN:47,(anonymous_5)
FNF:6
FNH:6
FNDA:2,(anonymous_0)
FNDA:2,(anonymous_1)
FNDA:1,(anonymous_2)
FNDA:1,(anonymous_3)
FNDA:5,(anonymous_4)
FNDA:4,(anonymous_5)
DA:1,1
DA:8,1
DA:9,2
DA:10,2
DA:12,1
DA:19,1
DA:28,1
DA:29,5
DA:30,5
DA:31,5
DA:32,4
DA:33,4
DA:34,12
DA:35,8
DA:39,1
DA:44,5
DA:47,1
DA:48,4
DA:49,3
DA:51,2
DA:52,2
DA:53,2
DA:55,4
DA:57,4
DA:61,4
DA:62,14
DA:67,14
DA:71,0
DA:73,0
DA:74,0
DA:75,0
DA:81,0
DA:88,2
DA:90,1
DA:93,1
LF:35
LH:30
BRDA:31,0,0,4
BRDA:31,0,1,1
BRDA:34,1,0,8
BRDA:34,1,1,4
BRDA:47,2,0,4
BRDA:48,3,0,3
BRDA:48,3,1,1
BRDA:49,4,0,2
BRDA:49,4,1,1
BRDA:57,5,0,4
BRDA:57,5,1,0
BRDA:71,6,0,0
BRDA:71,6,1,0
BRF:13
BRH:10
end_of_record
